[debug] [2024-09-17T17:51:11.527Z] ----------------------------------------------------------------------
[debug] [2024-09-17T17:51:11.529Z] Command:       /opt/homebrew/Cellar/node/22.8.0/bin/node /opt/homebrew/bin/firebase ext:dev:upload alidihaw/imgoptimize
[debug] [2024-09-17T17:51:11.529Z] CLI Version:   13.5.2
[debug] [2024-09-17T17:51:11.530Z] Platform:      darwin
[debug] [2024-09-17T17:51:11.530Z] Node Version:  v22.8.0
[debug] [2024-09-17T17:51:11.530Z] Time:          Wed Sep 18 2024 00:51:11 GMT+0700 (Western Indonesia Time)
[debug] [2024-09-17T17:51:11.530Z] ----------------------------------------------------------------------
[debug] 
[debug] [2024-09-17T17:51:11.537Z] > command requires scopes: ["email","openid","https://www.googleapis.com/auth/cloudplatformprojects.readonly","https://www.googleapis.com/auth/firebase","https://www.googleapis.com/auth/cloud-platform"]
[debug] [2024-09-17T17:51:11.538Z] > authorizing via signed-in user (aly.dihaw96@gmail.com)
[debug] [2024-09-17T17:51:11.539Z] >>> [apiv2][query] GET https://firebaseextensionspublisher.googleapis.com/v1beta/projects/-/publisherProfile publisherId=alidihaw
[debug] [2024-09-17T17:51:12.915Z] <<< [apiv2][status] GET https://firebaseextensionspublisher.googleapis.com/v1beta/projects/-/publisherProfile 200
[debug] [2024-09-17T17:51:12.915Z] <<< [apiv2][body] GET https://firebaseextensionspublisher.googleapis.com/v1beta/projects/-/publisherProfile {"name":"projects/653681863440/publisherProfile","publisherId":"alidihaw","registerTime":"2024-09-17T12:06:11.438313Z","displayName":"alidihaw","state":"ACTIVE"}
[debug] [2024-09-17T17:51:12.916Z] >>> [apiv2][query] GET https://firebase.googleapis.com/v1beta1/projects/653681863440 [none]
[debug] [2024-09-17T17:51:13.460Z] <<< [apiv2][status] GET https://firebase.googleapis.com/v1beta1/projects/653681863440 200
[debug] [2024-09-17T17:51:13.460Z] <<< [apiv2][body] GET https://firebase.googleapis.com/v1beta1/projects/653681863440 {"projectId":"alidihaw-28a88","projectNumber":"653681863440","displayName":"alidihaw-28a88","name":"projects/alidihaw-28a88","resources":{"hostingSite":"alidihaw-28a88"},"state":"ACTIVE","etag":"1_cb3fa278-cd43-4272-8fe2-e064187ce634"}
[debug] [2024-09-17T17:51:13.461Z] Checking if latest publisher TOS has been accepted by 653681863440...
[debug] [2024-09-17T17:51:13.461Z] >>> [apiv2][query] GET https://firebaseextensionstos-pa.googleapis.com/v1/projects/653681863440/publishertos [none]
[debug] [2024-09-17T17:51:14.626Z] <<< [apiv2][status] GET https://firebaseextensionstos-pa.googleapis.com/v1/projects/653681863440/publishertos 200
[debug] [2024-09-17T17:51:14.626Z] <<< [apiv2][body] GET https://firebaseextensionstos-pa.googleapis.com/v1/projects/653681863440/publishertos {"name":"projects/653681863440/publishertos","lastAcceptedVersion":"v1","lastAcceptedTime":"2024-09-17T12:07:50.471298Z","latestTosVersion":"v1"}
[debug] [2024-09-17T17:51:14.626Z] Already accepted version v1 of Extensions publisher TOS.
[debug] [2024-09-17T17:51:14.628Z] >>> [apiv2][query] GET https://firebaseextensionspublisher.googleapis.com/v1beta/publishers/alidihaw/extensions/imgoptimize [none]
[debug] [2024-09-17T17:51:14.975Z] <<< [apiv2][status] GET https://firebaseextensionspublisher.googleapis.com/v1beta/publishers/alidihaw/extensions/imgoptimize 404
[debug] [2024-09-17T17:51:14.976Z] <<< [apiv2][body] GET https://firebaseextensionspublisher.googleapis.com/v1beta/publishers/alidihaw/extensions/imgoptimize {"error":{"code":404,"message":"Extension `publishers/alidihaw/extensions/imgoptimize` not found","status":"NOT_FOUND"}}
[info] 
Extension: alidihaw/imgoptimize
State: New

