[debug] [2024-09-19T01:59:17.865Z] ----------------------------------------------------------------------
[debug] [2024-09-19T01:59:17.870Z] Command:       /opt/homebrew/Cellar/node/22.8.0/bin/node /opt/homebrew/bin/firebase ext:dev:upload alidihaw/imgoptimize
[debug] [2024-09-19T01:59:17.871Z] CLI Version:   13.5.2
[debug] [2024-09-19T01:59:17.871Z] Platform:      darwin
[debug] [2024-09-19T01:59:17.871Z] Node Version:  v22.8.0
[debug] [2024-09-19T01:59:17.871Z] Time:          Thu Sep 19 2024 08:59:17 GMT+0700 (Western Indonesia Time)
[debug] [2024-09-19T01:59:17.871Z] ----------------------------------------------------------------------
[debug] 
[debug] [2024-09-19T01:59:17.879Z] > command requires scopes: ["email","openid","https://www.googleapis.com/auth/cloudplatformprojects.readonly","https://www.googleapis.com/auth/firebase","https://www.googleapis.com/auth/cloud-platform"]
[debug] [2024-09-19T01:59:17.880Z] > authorizing via signed-in user (aly.dihaw96@gmail.com)
[debug] [2024-09-19T01:59:17.882Z] >>> [apiv2][query] GET https://firebaseextensionspublisher.googleapis.com/v1beta/projects/-/publisherProfile publisherId=alidihaw
[debug] [2024-09-19T01:59:19.347Z] <<< [apiv2][status] GET https://firebaseextensionspublisher.googleapis.com/v1beta/projects/-/publisherProfile 200
[debug] [2024-09-19T01:59:19.348Z] <<< [apiv2][body] GET https://firebaseextensionspublisher.googleapis.com/v1beta/projects/-/publisherProfile {"name":"projects/653681863440/publisherProfile","publisherId":"alidihaw","registerTime":"2024-09-17T12:06:11.438313Z","displayName":"alidihaw","state":"ACTIVE"}
[debug] [2024-09-19T01:59:19.349Z] >>> [apiv2][query] GET https://firebase.googleapis.com/v1beta1/projects/653681863440 [none]
[debug] [2024-09-19T01:59:19.954Z] <<< [apiv2][status] GET https://firebase.googleapis.com/v1beta1/projects/653681863440 200
[debug] [2024-09-19T01:59:19.954Z] <<< [apiv2][body] GET https://firebase.googleapis.com/v1beta1/projects/653681863440 {"projectId":"alidihaw-28a88","projectNumber":"653681863440","displayName":"alidihaw-28a88","name":"projects/alidihaw-28a88","resources":{"hostingSite":"alidihaw-28a88"},"state":"ACTIVE","etag":"1_cb3fa278-cd43-4272-8fe2-e064187ce634"}
[debug] [2024-09-19T01:59:19.955Z] Checking if latest publisher TOS has been accepted by 653681863440...
[debug] [2024-09-19T01:59:19.955Z] >>> [apiv2][query] GET https://firebaseextensionstos-pa.googleapis.com/v1/projects/653681863440/publishertos [none]
[debug] [2024-09-19T01:59:21.401Z] <<< [apiv2][status] GET https://firebaseextensionstos-pa.googleapis.com/v1/projects/653681863440/publishertos 200
[debug] [2024-09-19T01:59:21.401Z] <<< [apiv2][body] GET https://firebaseextensionstos-pa.googleapis.com/v1/projects/653681863440/publishertos {"name":"projects/653681863440/publishertos","lastAcceptedVersion":"v1","lastAcceptedTime":"2024-09-17T12:07:50.471298Z","latestTosVersion":"v1"}
[debug] [2024-09-19T01:59:21.401Z] Already accepted version v1 of Extensions publisher TOS.
[debug] [2024-09-19T01:59:21.402Z] >>> [apiv2][query] GET https://firebaseextensionspublisher.googleapis.com/v1beta/publishers/alidihaw/extensions/imgoptimize [none]
[debug] [2024-09-19T01:59:22.085Z] <<< [apiv2][status] GET https://firebaseextensionspublisher.googleapis.com/v1beta/publishers/alidihaw/extensions/imgoptimize 200
[debug] [2024-09-19T01:59:22.085Z] <<< [apiv2][body] GET https://firebaseextensionspublisher.googleapis.com/v1beta/publishers/alidihaw/extensions/imgoptimize {"name":"publishers/alidihaw/extensions/imgoptimize","ref":"alidihaw/imgoptimize","state":"PUBLISHED","createTime":"2024-09-17T18:02:24.257852Z","publisher":{"displayName":"alidihaw"},"repoUri":"https://github.com/realcreatorofficial/imgoptimize"}
[debug] [2024-09-19T01:59:22.085Z] >>> [apiv2][query] GET https://firebaseextensionspublisher.googleapis.com/v1beta/publishers/alidihaw/extensions/imgoptimize/versions/latest [none]
[debug] [2024-09-19T01:59:22.446Z] <<< [apiv2][status] GET https://firebaseextensionspublisher.googleapis.com/v1beta/publishers/alidihaw/extensions/imgoptimize/versions/latest 400
[debug] [2024-09-19T01:59:22.446Z] <<< [apiv2][body] GET https://firebaseextensionspublisher.googleapis.com/v1beta/publishers/alidihaw/extensions/imgoptimize/versions/latest {"error":{"code":400,"message":"ExtensionVersion name `publishers/alidihaw/extensions/imgoptimize` is invalid, must be of form `publishers/*/extensions/*/versions/*`","status":"INVALID_ARGUMENT"}}
[info] 
Extension: alidihaw/imgoptimize
State: Prerelease
Latest Version: -
Version in Extensions Hub: -
Source in GitHub: https://github.com/realcreatorofficial/imgoptimize (use --repo and --root to modify)

